<?xml version="1.0" encoding="UTF-8"?>
<!-- Generated by org.testng.reporters.JUnitReportReporter -->
<testsuite skipped="0" hostname="MANHW-6KYP2Z2" name="shoeStore_TC.LaunchBrowserTest" tests="1" failures="0" timestamp="2021-03-13T18:21:15 IST" time="0.109" errors="0">
  <testcase name="launchBrowser" time="0.109" classname="shoeStore_TC.LaunchBrowserTest"/>
  <system-out/>
</testsuite> <!-- shoeStore_TC.LaunchBrowserTest -->
