<?xml version="1.0" encoding="UTF-8"?>
<!-- Generated by org.testng.reporters.JUnitReportReporter -->
<testsuite skipped="0" hostname="MANHW-6KYP2Z2" name="shoeStore_TC.TC03_EmailVerificationforHomePage" tests="1" failures="0" timestamp="2021-03-13T18:21:15 IST" time="2.436" errors="0">
  <testcase name="monthWiseValidation" time="2.436" classname="shoeStore_TC.TC03_EmailVerificationforHomePage"/>
  <system-out/>
</testsuite> <!-- shoeStore_TC.TC03_EmailVerificationforHomePage -->
