<?xml version="1.0" encoding="UTF-8"?>
<!-- Generated by org.testng.reporters.JUnitReportReporter -->
<testsuite skipped="0" hostname="MANHW-6KYP2Z2" name="shoeStore_TC.TC01_ChooseBrand" tests="1" failures="0" timestamp="2021-03-13T15:55:02 IST" time="24.320" errors="0">
  <testcase name="chooseBrand" time="24.320" classname="shoeStore_TC.TC01_ChooseBrand"/>
  <system-out/>
</testsuite> <!-- shoeStore_TC.TC01_ChooseBrand -->
