<?xml version="1.0" encoding="UTF-8"?>
<!-- Generated by org.testng.reporters.JUnitReportReporter -->
<testsuite skipped="0" hostname="MANHW-6KYP2Z2" name="shoeStore_TC.TC02_MonthWiseProductValidation" tests="1" failures="0" timestamp="2021-03-13T17:55:28 IST" time="20.863" errors="0">
  <testcase name="monthWiseValidation" time="20.863" classname="shoeStore_TC.TC02_MonthWiseProductValidation"/>
  <system-out/>
</testsuite> <!-- shoeStore_TC.TC02_MonthWiseProductValidation -->
