<?xml version="1.0" encoding="UTF-8"?>
<!-- Generated by org.testng.reporters.JUnitReportReporter -->
<testsuite skipped="0" hostname="MANHW-6KYP2Z2" name="shoeStore.LaunchBrowserTest" tests="1" failures="0" timestamp="2021-03-13T01:25:20 IST" time="5.644" errors="0">
  <testcase name="f" time="5.644" classname="shoeStore.LaunchBrowserTest"/>
  <system-out/>
</testsuite> <!-- shoeStore.LaunchBrowserTest -->
